TN:
SF:app.js
FN:18,(anonymous_0)
FN:39,(anonymous_1)
FN:82,(anonymous_2)
FN:124,(anonymous_3)
FN:145,(anonymous_4)
FN:155,(anonymous_5)
FN:185,(anonymous_6)
FN:203,(anonymous_7)
FN:224,(anonymous_8)
FN:239,(anonymous_9)
FN:261,(anonymous_10)
FNF:11
FNH:11
FNDA:11,(anonymous_0)
FNDA:5,(anonymous_1)
FNDA:1,(anonymous_2)
FNDA:1,(anonymous_3)
FNDA:1,(anonymous_4)
FNDA:3,(anonymous_5)
FNDA:1,(anonymous_6)
FNDA:2,(anonymous_7)
FNDA:1,(anonymous_8)
FNDA:2,(anonymous_9)
FNDA:2,(anonymous_10)
DA:1,1
DA:2,1
DA:3,1
DA:4,1
DA:5,1
DA:6,1
DA:7,1
DA:8,1
DA:9,1
DA:10,1
DA:11,1
DA:12,1
DA:13,1
DA:15,1
DA:16,1
DA:18,1
DA:19,11
DA:20,11
DA:22,11
DA:28,1
DA:34,10
DA:35,10
DA:39,1
DA:40,5
DA:41,5
DA:43,5
DA:44,1
DA:50,4
DA:51,1
DA:57,3
DA:63,3
DA:64,1
DA:67,2
DA:69,2
DA:70,1
DA:73,1
DA:75,1
DA:77,4
DA:78,4
DA:82,1
DA:83,1
DA:84,1
DA:86,1
DA:87,1
DA:90,0
DA:95,0
DA:97,0
DA:98,0
DA:101,0
DA:113,0
DA:115,0
DA:119,1
DA:120,1
DA:124,1
DA:125,1
DA:126,1
DA:128,1
DA:129,1
DA:130,0
DA:133,1
DA:136,1
DA:138,0
DA:139,0
DA:143,1
DA:145,1
DA:146,1
DA:147,1
DA:148,1
DA:150,0
DA:151,0
DA:155,1
DA:156,3
DA:157,3
DA:159,3
DA:161,3
DA:162,3
DA:163,1
DA:166,2
DA:173,2
DA:174,1
DA:177,1
DA:178,1
DA:180,1
DA:181,1
DA:185,1
DA:186,1
DA:187,1
DA:189,1
DA:196,1
DA:198,0
DA:199,0
DA:203,1
DA:204,2
DA:205,2
DA:206,2
DA:207,2
DA:208,2
DA:210,2
DA:212,2
DA:213,1
DA:216,1
DA:218,1
DA:220,1
DA:224,1
DA:225,1
DA:226,1
DA:228,1
DA:232,1
DA:234,0
DA:235,0
DA:239,1
DA:240,2
DA:241,2
DA:242,2
DA:244,2
DA:245,1
DA:248,1
DA:250,1
DA:252,1
DA:256,1
DA:257,1
DA:261,1
DA:262,2
DA:263,2
DA:265,2
DA:266,1
DA:269,1
DA:270,1
DA:272,1
DA:276,1
DA:278,1
LF:131
LH:115
BRDA:43,0,0,1
BRDA:43,0,1,4
BRDA:50,1,0,1
BRDA:50,1,1,3
BRDA:63,2,0,1
BRDA:63,2,1,2
BRDA:69,3,0,1
BRDA:69,3,1,1
BRDA:86,4,0,1
BRDA:86,4,1,0
BRDA:97,5,0,0
BRDA:97,5,1,0
BRDA:97,6,0,0
BRDA:97,6,1,0
BRDA:106,7,0,0
BRDA:106,7,1,0
BRDA:116,8,0,0
BRDA:116,8,1,0
BRDA:129,9,0,0
BRDA:129,9,1,1
BRDA:134,10,0,0
BRDA:134,10,1,1
BRDA:162,11,0,1
BRDA:162,11,1,2
BRDA:173,12,0,1
BRDA:173,12,1,1
BRDA:212,13,0,1
BRDA:212,13,1,1
BRDA:244,14,0,1
BRDA:244,14,1,1
BRDA:265,15,0,1
BRDA:265,15,1,1
BRF:32
BRH:21
end_of_record
TN:
SF:helpers/bcrypt.js
FN:3,(anonymous_0)
FN:8,(anonymous_1)
FNF:2
FNH:2
FNDA:3,(anonymous_0)
FNDA:2,(anonymous_1)
DA:1,1
DA:3,1
DA:4,3
DA:5,3
DA:8,1
DA:9,2
DA:12,1
LF:7
LH:7
BRF:0
BRH:0
end_of_record
TN:
SF:helpers/jwt.js
FN:4,(anonymous_0)
FN:8,(anonymous_1)
FNF:2
FNH:2
FNDA:2,(anonymous_0)
FNDA:12,(anonymous_1)
DA:1,1
DA:2,1
DA:4,1
DA:5,2
DA:8,1
DA:9,12
DA:12,1
LF:7
LH:7
BRF:0
BRH:0
end_of_record
TN:
SF:middleware/authentication.js
FN:4,authentication
FNF:1
FNH:1
FNDA:17,authentication
DA:1,1
DA:2,1
DA:5,17
DA:6,17
DA:8,17
DA:9,5
DA:12,12
DA:14,12
DA:16,12
DA:18,12
DA:19,12
DA:21,5
DA:22,5
DA:26,1
LF:14
LH:14
BRDA:8,0,0,5
BRDA:8,0,1,12
BRF:2
BRH:2
end_of_record
TN:
SF:middleware/error-handler.js
FN:1,errorHandler
FNF:1
FNH:1
FNDA:24,errorHandler
DA:2,24
DA:5,10
DA:6,10
DA:8,5
DA:9,5
DA:11,7
DA:12,7
DA:14,0
DA:15,0
DA:17,2
DA:18,2
DA:20,0
DA:21,0
DA:23,0
DA:27,1
LF:15
LH:10
BRDA:2,0,0,9
BRDA:2,0,1,10
BRDA:2,0,2,5
BRDA:2,0,3,7
BRDA:2,0,4,0
BRDA:2,0,5,2
BRDA:2,0,6,0
BRDA:2,0,7,0
BRF:8
BRH:5
end_of_record
TN:
SF:models/favorite.js
FN:3,(anonymous_0)
FN:10,(anonymous_1)
FNF:2
FNH:2
FNDA:1,(anonymous_0)
FNDA:1,(anonymous_1)
DA:2,1
DA:3,1
DA:12,1
DA:13,1
DA:16,1
DA:48,1
LF:6
LH:6
BRF:0
BRH:0
end_of_record
TN:
SF:models/index.js
FN:21,(anonymous_0)
FN:29,(anonymous_1)
FN:34,(anonymous_2)
FNF:3
FNH:3
FNDA:4,(anonymous_0)
FNDA:3,(anonymous_1)
FNDA:3,(anonymous_2)
DA:3,1
DA:4,1
DA:5,1
DA:6,1
DA:7,1
DA:8,1
DA:9,1
DA:10,1
DA:13,1
DA:14,0
DA:16,1
DA:19,1
DA:22,4
DA:30,3
DA:31,3
DA:34,1
DA:35,3
DA:36,3
DA:40,1
DA:41,1
DA:43,1
LF:21
LH:20
BRDA:8,0,0,1
BRDA:8,0,1,0
BRDA:13,1,0,0
BRDA:13,1,1,1
BRDA:23,2,0,4
BRDA:23,2,1,4
BRDA:23,2,2,3
BRDA:23,2,3,3
BRDA:35,3,0,3
BRDA:35,3,1,0
BRF:10
BRH:7
end_of_record
TN:
SF:models/movie.js
FN:3,(anonymous_0)
FN:10,(anonymous_1)
FNF:2
FNH:2
FNDA:1,(anonymous_0)
FNDA:1,(anonymous_1)
DA:2,1
DA:3,1
DA:12,1
DA:19,1
DA:61,1
LF:5
LH:5
BRF:0
BRH:0
end_of_record
TN:
SF:models/user.js
FN:4,(anonymous_0)
FN:11,(anonymous_1)
FN:62,(anonymous_2)
FNF:3
FNH:3
FNDA:1,(anonymous_0)
FNDA:1,(anonymous_1)
FNDA:3,(anonymous_2)
DA:2,1
DA:3,1
DA:4,1
DA:13,1
DA:20,1
DA:62,1
DA:63,3
DA:65,1
LF:8
LH:8
BRF:0
BRH:0
end_of_record
TN:
SF:services/gemini.js
FN:5,getMovieRecommendation
FNF:1
FNH:1
FNDA:1,getMovieRecommendation
DA:1,1
DA:3,1
DA:6,1
DA:7,1
DA:51,1
DA:55,1
DA:56,1
DA:57,1
DA:59,0
DA:60,0
DA:64,1
LF:11
LH:9
BRF:0
BRH:0
end_of_record
